<?xml version="1.0" encoding="UTF-8"?>
<testsuite xmlns:xsi="http://www.w3.org/2001/XMLSchema-instance" xsi:noNamespaceSchemaLocation="https://maven.apache.org/surefire/maven-surefire-plugin/xsd/surefire-test-report-3.0.xsd" version="3.0" name="com.example.back.BackApplicationTests" time="6.101" tests="1" errors="0" skipped="0" failures="0">
  <properties>
[...]
</properties>
  <testcase name="contextLoads" classname="com.example.back.BackApplicationTests" time="0.933">
    <system-out><![CDATA[14:44:17.760 [main] INFO org.springframework.test.context.support.AnnotationConfigContextLoaderUtils -- Could not detect default configuration classes for test class [com.example.back.BackApplicationTests]: BackApplicationTests does not declare any static, non-private, non-final, nested classes annotated with @Configuration.
14:44:17.937 [main] INFO org.springframework.boot.test.context.SpringBootTestContextBootstrapper -- Found @SpringBootConfiguration com.example.BackApplication for test class com.example.back.BackApplicationTests

  .   ____          _            __ _ _
 /\\ / ___'_ __ _ _(_)_ __  __ _ \ \ \ \
( ( )\___ | '_ | '_| | '_ \/ _` | \ \ \ \
 \\/  ___)| |_)| | | | | || (_| |  ) ) ) )
  '  |____| .__|_| |_|_| |_\__, | / / / /
 =========|_|==============|___/=/_/_/_/
 :: Spring Boot ::                (v3.1.4)

2023-09-27T14:44:18.626+08:00  INFO 21492 --- [           main] com.example.back.BackApplicationTests    : Starting BackApplicationTests using Java 17.0.8.1 with PID 21492 (started by lenovo in C:\Users\lenovo\IdeaProjects\projectfirst\back)
2023-09-27T14:44:18.628+08:00  INFO 21492 --- [           main] com.example.back.BackApplicationTests    : No active profile set, falling back to 1 default profile: "default"
2023-09-27T14:44:19.772+08:00  INFO 21492 --- [           main] .s.d.r.c.RepositoryConfigurationDelegate : Multiple Spring Data modules found, entering strict repository configuration mode
2023-09-27T14:44:19.774+08:00  INFO 21492 --- [           main] .s.d.r.c.RepositoryConfigurationDelegate : Bootstrapping Spring Data JDBC repositories in DEFAULT mode.
2023-09-27T14:44:19.791+08:00  INFO 21492 --- [           main] .s.d.r.c.RepositoryConfigurationDelegate : Finished Spring Data repository scanning in 11 ms. Found 0 JDBC repository interfaces.
2023-09-27T14:44:19.811+08:00  INFO 21492 --- [           main] .s.d.r.c.RepositoryConfigurationDelegate : Multiple Spring Data modules found, entering strict repository configuration mode
2023-09-27T14:44:19.812+08:00  INFO 21492 --- [           main] .s.d.r.c.RepositoryConfigurationDelegate : Bootstrapping Spring Data Redis repositories in DEFAULT mode.
2023-09-27T14:44:19.824+08:00  INFO 21492 --- [           main] .s.d.r.c.RepositoryConfigurationDelegate : Finished Spring Data repository scanning in 3 ms. Found 0 Redis repository interfaces.
2023-09-27T14:44:21.360+08:00  INFO 21492 --- [           main] o.s.s.web.DefaultSecurityFilterChain     : Will secure any request with [org.springframework.security.web.session.DisableEncodeUrlFilter@153cfd86, org.springframework.security.web.context.request.async.WebAsyncManagerIntegrationFilter@7e31062c, org.springframework.security.web.context.SecurityContextHolderFilter@12f9f896, org.springframework.security.web.header.HeaderWriterFilter@2af9a5ef, org.springframework.web.filter.CorsFilter@595fed99, org.springframework.security.web.authentication.logout.LogoutFilter@25470477, org.springframework.security.web.authentication.UsernamePasswordAuthenticationFilter@1124910c, org.springframework.security.web.savedrequest.RequestCacheAwareFilter@505f45cc, org.springframework.security.web.servletapi.SecurityContextHolderAwareRequestFilter@45571cfc, org.springframework.security.web.authentication.rememberme.RememberMeAuthenticationFilter@40f9f60d, org.springframework.security.web.authentication.AnonymousAuthenticationFilter@7d522180, org.springframework.security.web.access.ExceptionTranslationFilter@6cceb281, org.springframework.security.web.access.intercept.AuthorizationFilter@e162a35]
2023-09-27T14:44:21.937+08:00  INFO 21492 --- [           main] com.zaxxer.hikari.HikariDataSource       : HikariPool-1 - Starting...
2023-09-27T14:44:22.481+08:00  INFO 21492 --- [           main] com.zaxxer.hikari.pool.HikariPool        : HikariPool-1 - Added connection com.mysql.cj.jdbc.ConnectionImpl@52d59507
2023-09-27T14:44:22.483+08:00  INFO 21492 --- [           main] com.zaxxer.hikari.HikariDataSource       : HikariPool-1 - Start completed.
2023-09-27T14:44:22.681+08:00  INFO 21492 --- [           main] com.example.back.BackApplicationTests    : Started BackApplicationTests in 4.488 seconds (process running for 5.857)
]]></system-out>
  </testcase>
</testsuite>